<?xml version="1.0" encoding="UTF-8" standalone="no"?>
<!DOCTYPE log SYSTEM "logger.dtd">
<log>
<record>
  <date>2018-09-06T14:12:03.601-0300</date>
  <logger>RAFAELA DE AMORIM BARBOSA SILVA</logger>
  <level>FINE</level>
  <message>File 117210299-RAFAELA DE AMORIM BARBOSA SILVA.zip was received. It was sent by RAFAELA DE AMORIM BARBOSA SILVA from IP 150.165.42.197</message>
</record>
</log>
<?xml version="1.0" encoding="UTF-8" standalone="no"?>
<!DOCTYPE log SYSTEM "logger.dtd">
<log>
<record>
  <date>2018-09-06T15:53:16.921-0300</date>
  <logger>RAFAELA DE AMORIM BARBOSA SILVA</logger>
  <level>FINE</level>
  <message>File 117210299-RAFAELA DE AMORIM BARBOSA SILVA.zip was received. It was sent by RAFAELA DE AMORIM BARBOSA SILVA from IP 150.165.42.197</message>
</record>
</log>
<?xml version="1.0" encoding="UTF-8" standalone="no"?>
<!DOCTYPE log SYSTEM "logger.dtd">
<log>
<record>
  <date>2018-09-06T15:54:55.328-0300</date>
  <logger>RAFAELA DE AMORIM BARBOSA SILVA</logger>
  <level>FINE</level>
  <message>File 117210299-RAFAELA DE AMORIM BARBOSA SILVA.zip was received. It was sent by RAFAELA DE AMORIM BARBOSA SILVA from IP 150.165.42.197</message>
</record>
</log>
<?xml version="1.0" encoding="UTF-8" standalone="no"?>
<!DOCTYPE log SYSTEM "logger.dtd">
<log>
<record>
  <date>2018-09-06T18:45:09.063-0300</date>
  <logger>RAFAELA DE AMORIM BARBOSA SILVA</logger>
  <level>FINE</level>
  <message>File 117210299-RAFAELA DE AMORIM BARBOSA SILVA.zip was received. It was sent by RAFAELA DE AMORIM BARBOSA SILVA from IP 192.168.1.9</message>
</record>
</log>
<?xml version="1.0" encoding="UTF-8" standalone="no"?>
<!DOCTYPE log SYSTEM "logger.dtd">
<log>
<record>
  <date>2018-09-06T18:54:59.512-0300</date>
  <logger>RAFAELA DE AMORIM BARBOSA SILVA</logger>
  <level>FINE</level>
  <message>File 117210299-RAFAELA DE AMORIM BARBOSA SILVA.zip was received. It was sent by RAFAELA DE AMORIM BARBOSA SILVA from IP 192.168.1.9</message>
</record>
</log>
<?xml version="1.0" encoding="UTF-8" standalone="no"?>
<!DOCTYPE log SYSTEM "logger.dtd">
<log>
<record>
  <date>2018-09-06T18:58:06.134-0300</date>
  <logger>RAFAELA DE AMORIM BARBOSA SILVA</logger>
  <level>FINE</level>
  <message>File 117210299-RAFAELA DE AMORIM BARBOSA SILVA.zip was received. It was sent by RAFAELA DE AMORIM BARBOSA SILVA from IP 192.168.1.9</message>
</record>
