<?xml version="1.0" encoding="UTF-8" standalone="no"?>
<!DOCTYPE log SYSTEM "logger.dtd">
<log>
<record>
  <date>2018-11-08T19:35:31.581-0300</date>
  <logger>RAFAELA DE AMORIM BARBOSA SILVA</logger>
  <level>FINE</level>
  <message>File 117210299-RAFAELA DE AMORIM BARBOSA SILVA.zip was received. It was sent by RAFAELA DE AMORIM BARBOSA SILVA from IP 192.168.1.11</message>
</record>
</log>
<?xml version="1.0" encoding="UTF-8" standalone="no"?>
<!DOCTYPE log SYSTEM "logger.dtd">
<log>
<record>
  <date>2018-11-08T21:03:34.686-0300</date>
  <logger>RAFAELA DE AMORIM BARBOSA SILVA</logger>
  <level>FINE</level>
  <message>File 117210299-RAFAELA DE AMORIM BARBOSA SILVA.zip was received. It was sent by RAFAELA DE AMORIM BARBOSA SILVA from IP 192.168.1.11</message>
</record>
</log>
<?xml version="1.0" encoding="UTF-8" standalone="no"?>
<!DOCTYPE log SYSTEM "logger.dtd">
<log>
<record>
  <date>2018-11-09T10:22:16.370-0300</date>
  <logger>RAFAELA DE AMORIM BARBOSA SILVA</logger>
  <level>FINE</level>
  <message>File 117210299-RAFAELA DE AMORIM BARBOSA SILVA.zip was received. It was sent by RAFAELA DE AMORIM BARBOSA SILVA from IP 150.165.74.118</message>
</record>
</log>
<?xml version="1.0" encoding="UTF-8" standalone="no"?>
<!DOCTYPE log SYSTEM "logger.dtd">
<log>
<record>
  <date>2018-11-09T20:39:40.670-0300</date>
  <logger>RAFAELA DE AMORIM BARBOSA SILVA</logger>
  <level>FINE</level>
  <message>File 117210299-RAFAELA DE AMORIM BARBOSA SILVA.zip was received. It was sent by RAFAELA DE AMORIM BARBOSA SILVA from IP 192.168.1.11</message>
</record>
